Looking for git in: git
Using git 2.20.1 from git
> git rev-parse --git-dir
Open repository: /home/gbillig/shell/01
> git status -z -u
> git symbolic-ref --short HEAD
> git rev-parse master
> git rev-parse --symbolic-full-name master@{u}
> git rev-list --left-right master...refs/remotes/origin/master
> git for-each-ref --sort -committerdate --format %(refname) %(objectname)
> git remote --verbose
> git config --get commit.template
> git rev-parse --git-dir
Open repository: /home/gbillig/eu_aceito
> git status -z -u
> git symbolic-ref --short HEAD
> git rev-parse master
> git rev-parse --symbolic-full-name master@{u}
> git rev-list --left-right master...refs/remotes/origin/master
> git for-each-ref --sort -committerdate --format %(refname) %(objectname)
> git remote --verbose
> git config --get commit.template
> git show --textconv :ex03/count_files.sh
> git ls-files --stage -- /home/gbillig/shell/01/ex03/count_files.sh
> git cat-file -s 73f7b768d32edbbb548999984b4b250f29f022ab
> git check-ignore -v -z --stdin
> git check-ignore -v -z --stdin
> git rev-parse --git-dir
Open repository: /home/gbillig/c/03
> git status -z -u
> git symbolic-ref --short HEAD
> git rev-parse master
fatal: ambiguous argument 'master': unknown revision or path not in the working tree.
Use '--' to separate paths from revisions, like this:
'git <command> [<revision>...] -- [<file>...]'
> git for-each-ref --sort -committerdate --format %(refname) %(objectname)
> git remote --verbose
> git config --get commit.template
> git check-ignore -v -z --stdin
> git check-ignore -v -z --stdin
> git check-ignore -v -z --stdin
> git check-ignore -v -z --stdin
> git check-ignore -v -z --stdin
> git show --textconv :ex00/ft_strcmp.c
> git ls-files --stage -- /home/gbillig/c/03/ex00/ft_strcmp.c
> git check-ignore -v -z --stdin
> git show --textconv :ex05/ft_strlcat.c
> git ls-files --stage -- /home/gbillig/c/03/ex05/ft_strlcat.c
> git ls-files --stage -- /home/gbillig/c/03/ex05/ft_strlcat.c
> git cat-file -s 5c9f92fb6fae1297bc14f46ba7d18556bf11e139
> git show --textconv :ex05/ft_strlcat.c
> git ls-files --stage -- /home/gbillig/c/03/ex05/ft_strlcat.c
> git cat-file -s 5c9f92fb6fae1297bc14f46ba7d18556bf11e139
> git show --textconv :ex05/ft_strlcat.c
> git show --textconv :ex00/ft_strcmp.c
> git ls-files --stage -- /home/gbillig/c/03/ex00/ft_strcmp.c
> git cat-file -s ad590fd4ed271ea4c263f31368435f9dcc0d0a0d
> git check-ignore -v -z --stdin
> git log --format=%H%n%aN%n%aE%n%at%n%ct%n%P%n%B -z -n21 -- /home/gbillig/c/03/ex00/a.out
> git show --textconv :ex00/ft_strcmp.c
> git ls-files --stage -- /home/gbillig/c/03/ex00/ft_strcmp.c
> git cat-file -s ad590fd4ed271ea4c263f31368435f9dcc0d0a0d
> git check-ignore -v -z --stdin
> git show --textconv :ex01/ft_strncmp.c
> git ls-files --stage -- /home/gbillig/c/03/ex01/ft_strncmp.c
> git cat-file -s 3b7dcd79906abda35099b215115aacd818a74117
> git check-ignore -v -z --stdin
> git log --format=%H%n%aN%n%aE%n%at%n%ct%n%P%n%B -z -n21 -- /home/gbillig/c/03/ex01/a.out
> git show --textconv :ex01/ft_strncmp.c
> git ls-files --stage -- /home/gbillig/c/03/ex01/ft_strncmp.c
> git cat-file -s 3b7dcd79906abda35099b215115aacd818a74117
> git show --textconv :ex00/ft_strcmp.c
> git ls-files --stage -- /home/gbillig/c/03/ex00/ft_strcmp.c
> git cat-file -s ad590fd4ed271ea4c263f31368435f9dcc0d0a0d
> git log --format=%H%n%aN%n%aE%n%at%n%ct%n%P%n%B -z -n21 -- /home/gbillig/c/03/ex01/a.out
> git check-ignore -v -z --stdin
> git show --textconv :ex02/ft_strcat.c
> git ls-files --stage -- /home/gbillig/c/03/ex02/ft_strcat.c
> git cat-file -s a0424b3a378c63f5f08c7d397600ff63b2002cf1
> git check-ignore -v -z --stdin
> git log --format=%H%n%aN%n%aE%n%at%n%ct%n%P%n%B -z -n21 -- /home/gbillig/c/03/ex02/a.out
> git show --textconv :ex02/ft_strcat.c
> git ls-files --stage -- /home/gbillig/c/03/ex02/ft_strcat.c
> git cat-file -s a0424b3a378c63f5f08c7d397600ff63b2002cf1
> git check-ignore -v -z --stdin
> git show --textconv :ex03/ ft_strncat.c
> git ls-files --stage -- /home/gbillig/c/03/ex03/ ft_strncat.c
> git cat-file -s 667dbf6157b9880cfa0506dc23b460ba9b9629cf
> git check-ignore -v -z --stdin
> git log --format=%H%n%aN%n%aE%n%at%n%ct%n%P%n%B -z -n21 -- /home/gbillig/c/03/ex03/a.out
> git show --textconv :ex03/ ft_strncat.c
> git ls-files --stage -- /home/gbillig/c/03/ex03/ ft_strncat.c
> git cat-file -s 667dbf6157b9880cfa0506dc23b460ba9b9629cf
> git check-ignore -v -z --stdin
> git show --textconv :ex04/ft_strstr.c
> git ls-files --stage -- /home/gbillig/c/03/ex04/ft_strstr.c
> git cat-file -s 746432c7fbab17926e40f7073361b5d8dfea5b24
> git check-ignore -v -z --stdin
> git show --textconv :ex05/ft_strlcat.c
> git ls-files --stage -- /home/gbillig/c/03/ex05/ft_strlcat.c
> git cat-file -s 5c9f92fb6fae1297bc14f46ba7d18556bf11e139
> git check-ignore -v -z --stdin
> git show --textconv :ex04/ft_strstr.c
> git ls-files --stage -- /home/gbillig/c/03/ex04/ft_strstr.c
> git cat-file -s 746432c7fbab17926e40f7073361b5d8dfea5b24
> git show --textconv :ex03/ ft_strncat.c
> git ls-files --stage -- /home/gbillig/c/03/ex03/ ft_strncat.c
> git cat-file -s 667dbf6157b9880cfa0506dc23b460ba9b9629cf
> git show --textconv :ex02/ft_strcat.c
> git ls-files --stage -- /home/gbillig/c/03/ex02/ft_strcat.c
> git cat-file -s a0424b3a378c63f5f08c7d397600ff63b2002cf1
> git log --format=%H%n%aN%n%aE%n%at%n%ct%n%P%n%B -z -n21 -- /home/gbillig/c/03/ex05/a.out
> git log --format=%H%n%aN%n%aE%n%at%n%ct%n%P%n%B -z -n21 -- /home/gbillig/c/03/ex04/a.out
> git rev-parse --git-dir
Open repository: /home/gbillig/avaliacoes/c/02/afaustin
> git status -z -u
> git symbolic-ref --short HEAD
> git rev-parse master
> git rev-parse --symbolic-full-name master@{u}
> git rev-list --left-right master...refs/remotes/origin/master
> git for-each-ref --sort -committerdate --format %(refname) %(objectname)
> git remote --verbose
Warning: Failed to watch ref '/home/gbillig/avaliacoes/c/02/afaustin/.git/refs/remotes/origin/master', is most likely packed.
> git config --get commit.template
> git check-ignore -v -z --stdin
> git check-ignore -v -z --stdin
> git check-ignore -v -z --stdin
> git check-ignore -v -z --stdin
> git check-ignore -v -z --stdin
> git show --textconv :ex00/ft_strcpy.c
> git ls-files --stage -- /home/gbillig/avaliacoes/c/02/afaustin/ex00/ft_strcpy.c
> git cat-file -s c3cacd3c40950c0e4a21a96190b504ab02c86366
> git check-ignore -v -z --stdin
> git show --textconv :ex01/ft_strncpy.c
> git ls-files --stage -- /home/gbillig/avaliacoes/c/02/afaustin/ex01/ft_strncpy.c
> git cat-file -s 2805e432ac36fea28d93214195b987ca99237f72
> git show --textconv :ex00/ft_strcpy.c
> git ls-files --stage -- /home/gbillig/avaliacoes/c/02/afaustin/ex00/ft_strcpy.c
> git cat-file -s c3cacd3c40950c0e4a21a96190b504ab02c86366
> git check-ignore -v -z --stdin
> git show --textconv :ex01/ft_strncpy.c
> git ls-files --stage -- /home/gbillig/avaliacoes/c/02/afaustin/ex01/ft_strncpy.c
> git cat-file -s 2805e432ac36fea28d93214195b987ca99237f72
> git show --textconv :ex00/ft_strcpy.c
> git ls-files --stage -- /home/gbillig/avaliacoes/c/02/afaustin/ex00/ft_strcpy.c
> git cat-file -s c3cacd3c40950c0e4a21a96190b504ab02c86366
> git show --textconv :ex01/ft_strncpy.c
> git ls-files --stage -- /home/gbillig/avaliacoes/c/02/afaustin/ex01/ft_strncpy.c
> git cat-file -s 2805e432ac36fea28d93214195b987ca99237f72
> git check-ignore -v -z --stdin
> git check-ignore -v -z --stdin
> git show --textconv :ex02/ft_str_is_alpha.c
> git ls-files --stage -- /home/gbillig/avaliacoes/c/02/afaustin/ex02/ft_str_is_alpha.c
> git cat-file -s 7c227cfe88b83a4426aeaf3d5dfb7dd8bc985205
> git check-ignore -v -z --stdin
> git check-ignore -v -z --stdin
> git show --textconv :ex03/ft_str_is_numeric.c
> git ls-files --stage -- /home/gbillig/avaliacoes/c/02/afaustin/ex03/ft_str_is_numeric.c
> git cat-file -s 7fce182746cf8e9f981fba0995316908545fc83b
> git check-ignore -v -z --stdin
> git check-ignore -v -z --stdin
> git check-ignore -v -z --stdin
> git show --textconv :ex04/ft_str_is_lowercase.c
> git ls-files --stage -- /home/gbillig/avaliacoes/c/02/afaustin/ex04/ft_str_is_lowercase.c
> git cat-file -s 383768d189f90dbf6bdd6101616a09c71e3cbc43
> git check-ignore -v -z --stdin
> git show --textconv :ex05/ft_str_is_uppercase.c
> git ls-files --stage -- /home/gbillig/avaliacoes/c/02/afaustin/ex05/ft_str_is_uppercase.c
> git cat-file -s a56103c8649e296a3939ed850b31bb646a8de0f6
> git check-ignore -v -z --stdin
> git check-ignore -v -z --stdin
> git show --textconv :ex06/ft_str_is_printable.c
> git ls-files --stage -- /home/gbillig/avaliacoes/c/02/afaustin/ex06/ft_str_is_printable.c
> git cat-file -s 8ccc78a888a5d97443baab1aa09b6d7b2f7e74f8
> git check-ignore -v -z --stdin
> git rev-parse --git-dir
Open repository: /home/gbillig/c/02
> git status -z -u
> git symbolic-ref --short HEAD
> git rev-parse master
> git rev-parse --symbolic-full-name master@{u}
> git rev-list --left-right master...refs/remotes/origin/master
> git for-each-ref --sort -committerdate --format %(refname) %(objectname)
> git remote --verbose
> git config --get commit.template
> git show --textconv :ex06/ft_str_is_printable.c
> git ls-files --stage -- /home/gbillig/c/02/ex06/ft_str_is_printable.c
> git cat-file -s 0d0d09685d1d3e0014dbed29f94230c655ff62b6
> git check-ignore -v -z --stdin
> git check-ignore -v -z --stdin
> git check-ignore -v -z --stdin
> git check-ignore -v -z --stdin
> git show --textconv :ex06/ft_str_is_printable.c
> git ls-files --stage -- /home/gbillig/avaliacoes/c/02/afaustin/ex06/ft_str_is_printable.c
> git cat-file -s 8ccc78a888a5d97443baab1aa09b6d7b2f7e74f8
> git check-ignore -v -z --stdin
> git check-ignore -v -z --stdin
> git show --textconv :ex07/ft_strupcase.c
> git ls-files --stage -- /home/gbillig/avaliacoes/c/02/afaustin/ex07/ft_strupcase.c
> git cat-file -s 0454a1151a8377a9dbe6ed189288f59e8cffdcb9
> git check-ignore -v -z --stdin
> git check-ignore -v -z --stdin
> git show --textconv :ex08/ft_strlowcase.c
> git ls-files --stage -- /home/gbillig/avaliacoes/c/02/afaustin/ex08/ft_strlowcase.c
> git cat-file -s c925d144be4e12054f2979a57fec4de5ab8bd782
> git check-ignore -v -z --stdin
> git show --textconv :ex09/ft_strcapitalize.c
> git ls-files --stage -- /home/gbillig/avaliacoes/c/02/afaustin/ex09/ft_strcapitalize.c
> git cat-file -s a79485a39d8edb4517baea72a3ac75af8801b507
> git show --textconv :ex08/ft_strlowcase.c
> git ls-files --stage -- /home/gbillig/avaliacoes/c/02/afaustin/ex08/ft_strlowcase.c
> git cat-file -s c925d144be4e12054f2979a57fec4de5ab8bd782
> git check-ignore -v -z --stdin
> git show --textconv :ex09/ft_strcapitalize.c
> git ls-files --stage -- /home/gbillig/avaliacoes/c/02/afaustin/ex09/ft_strcapitalize.c
> git cat-file -s a79485a39d8edb4517baea72a3ac75af8801b507
> git check-ignore -v -z --stdin
> git check-ignore -v -z --stdin
> git show --textconv :ex10/ft_strlcpy.c
> git ls-files --stage -- /home/gbillig/avaliacoes/c/02/afaustin/ex10/ft_strlcpy.c
> git cat-file -s c07358e8739841bbeecb5206d220ba92e74d1ca3
> git check-ignore -v -z --stdin
> git show --textconv :ex08/ft_strlowcase.c
> git ls-files --stage -- /home/gbillig/avaliacoes/c/02/afaustin/ex08/ft_strlowcase.c
> git cat-file -s c925d144be4e12054f2979a57fec4de5ab8bd782
> git rev-parse --git-dir
Open repository: /home/gbillig/avaliacoes/shell/01/ryoshio-
> git status -z -u
> git symbolic-ref --short HEAD
> git rev-parse master
> git rev-parse --symbolic-full-name master@{u}
> git rev-list --left-right master...refs/remotes/origin/master
> git for-each-ref --sort -committerdate --format %(refname) %(objectname)
> git remote --verbose
Warning: Failed to watch ref '/home/gbillig/avaliacoes/shell/01/ryoshio-/.git/refs/remotes/origin/master', is most likely packed.
> git config --get commit.template
> git check-ignore -v -z --stdin
> git check-ignore -v -z --stdin
> git check-ignore -v -z --stdin
> git check-ignore -v -z --stdin
> git check-ignore -v -z --stdin
> git check-ignore -v -z --stdin
> git check-ignore -v -z --stdin
