Looking for git in: git
Using git 2.20.1 from git
> git rev-parse --git-dir
Open repository: /home/gbillig/c/02
> git status -z -u
> git symbolic-ref --short HEAD
> git rev-parse master
> git rev-parse --symbolic-full-name master@{u}
> git rev-list --left-right master...refs/remotes/origin/master
> git for-each-ref --sort -committerdate --format %(refname) %(objectname)
> git remote --verbose
> git config --get commit.template
> git rev-parse --git-dir
Open repository: /home/gbillig/eu_aceito
> git status -z -u
> git symbolic-ref --short HEAD
> git rev-parse master
> git rev-parse --symbolic-full-name master@{u}
> git rev-list --left-right master...refs/remotes/origin/master
> git for-each-ref --sort -committerdate --format %(refname) %(objectname)
> git remote --verbose
> git config --get commit.template
> git show --textconv :ex01/ft_strncpy.c
> git ls-files --stage -- /home/gbillig/c/02/ex01/ft_strncpy.c
> git cat-file -s 28096f7ff66714d0e2f4557a67bb4e51c6c48b28
> git check-ignore -v -z --stdin
> git check-ignore -v -z --stdin
> git log --format=%H%n%aN%n%aE%n%at%n%ct%n%P%n%B -z -n21 -- /home/gbillig/c/02/ex01/a.out
> git show --textconv :ex01/ft_strncpy.c
> git ls-files --stage -- /home/gbillig/c/02/ex01/ft_strncpy.c
> git cat-file -s 28096f7ff66714d0e2f4557a67bb4e51c6c48b28
> git check-ignore -v -z --stdin
> git ls-files --stage -- /home/gbillig/c/02/ex01/ft_strncpy.c
> git cat-file -s 28096f7ff66714d0e2f4557a67bb4e51c6c48b28
> git show --textconv :ex01/ft_strncpy.c
> git ls-files --stage -- /home/gbillig/c/02/ex01/ft_strncpy.c
> git cat-file -s 28096f7ff66714d0e2f4557a67bb4e51c6c48b28
> git show --textconv :ex01/ft_strncpy.c
> git ls-files --stage -- /home/gbillig/c/02/ex01/ft_strncpy.c
> git cat-file -s 28096f7ff66714d0e2f4557a67bb4e51c6c48b28
> git show --textconv :ex01/ft_strncpy.c
> git rev-parse --git-dir
Open repository: /home/gbillig/c/01
> git status -z -u
> git symbolic-ref --short HEAD
> git rev-parse master
> git rev-parse --symbolic-full-name master@{u}
> git rev-list --left-right master...refs/remotes/origin/master
> git for-each-ref --sort -committerdate --format %(refname) %(objectname)
> git remote --verbose
> git config --get commit.template
> git show --textconv :ex05/ft_putstr.c
> git ls-files --stage -- /home/gbillig/c/01/ex05/ft_putstr.c
> git cat-file -s bcf36f789377f3d58dc72ecdc3cb08dacd79d2fc
> git check-ignore -v -z --stdin
> git check-ignore -v -z --stdin
> git check-ignore -v -z --stdin
> git check-ignore -v -z --stdin
> git show --textconv :ex01/ft_strncpy.c
> git ls-files --stage -- /home/gbillig/c/02/ex01/ft_strncpy.c
> git cat-file -s 28096f7ff66714d0e2f4557a67bb4e51c6c48b28
> git check-ignore -v -z --stdin
> git check-ignore -v -z --stdin
> git show --textconv :ex00/ft_strcpy.c
> git ls-files --stage -- /home/gbillig/c/02/ex00/ft_strcpy.c
> git cat-file -s bb66a69eda17a0096f7dd80e4f04ec3ee61a0fc8
> git show --textconv :ex01/ft_strncpy.c
> git ls-files --stage -- /home/gbillig/c/02/ex01/ft_strncpy.c
> git cat-file -s 28096f7ff66714d0e2f4557a67bb4e51c6c48b28
