Looking for git in: git
Using git 2.20.1 from git
> git rev-parse --git-dir
Open repository: /home/gbillig/eu_aceito
> git status -z -u
> git symbolic-ref --short HEAD
> git rev-parse master
> git rev-parse --symbolic-full-name master@{u}
> git rev-list --left-right master...refs/remotes/origin/master
> git for-each-ref --sort -committerdate --format %(refname) %(objectname)
> git remote --verbose
> git config --get commit.template
> git check-ignore -v -z --stdin
> git rev-parse --git-dir
Open repository: /home/gbillig/c/01
> git status -z -u
> git symbolic-ref --short HEAD
> git rev-parse master
> git rev-parse --symbolic-full-name master@{u}
> git rev-list --left-right master...refs/remotes/origin/master
> git for-each-ref --sort -committerdate --format %(refname) %(objectname)
> git remote --verbose
> git config --get commit.template
> git show --textconv :ex05/ft_putstr.c
> git ls-files --stage -- /home/gbillig/c/01/ex05/ft_putstr.c
> git cat-file -s bcf36f789377f3d58dc72ecdc3cb08dacd79d2fc
> git check-ignore -v -z --stdin
> git check-ignore -v -z --stdin
> git show --textconv :ex05/ft_putstr.c
> git ls-files --stage -- /home/gbillig/c/01/ex05/ft_putstr.c
> git cat-file -s bcf36f789377f3d58dc72ecdc3cb08dacd79d2fc
> git show --textconv :ex05/ft_putstr.c
> git ls-files --stage -- /home/gbillig/c/01/ex05/ft_putstr.c
> git cat-file -s bcf36f789377f3d58dc72ecdc3cb08dacd79d2fc
