Looking for git in: git
Using git 2.20.1 from git
> git rev-parse --git-dir
Open repository: /home/gbillig/eu_aceito
> git status -z -u
> git symbolic-ref --short HEAD
> git rev-parse master
> git rev-parse --symbolic-full-name master@{u}
> git rev-list --left-right master...refs/remotes/origin/master
> git for-each-ref --sort -committerdate --format %(refname) %(objectname)
> git remote --verbose
> git config --get commit.template
> git check-ignore -v -z --stdin
> git rev-parse --git-dir
Open repository: /home/gbillig/c/03
> git status -z -u
> git symbolic-ref --short HEAD
> git rev-parse master
> git rev-parse --symbolic-full-name master@{u}
> git rev-list --left-right master...refs/remotes/origin/master
> git for-each-ref --sort -committerdate --format %(refname) %(objectname)
> git remote --verbose
> git config --get commit.template
> git show --textconv :ex01/ft_strncmp.c
> git ls-files --stage -- /home/gbillig/c/03/ex01/ft_strncmp.c
> git cat-file -s 3b7dcd79906abda35099b215115aacd818a74117
> git check-ignore -v -z --stdin
> git show --textconv :ex00/ft_strcmp.c
> git ls-files --stage -- /home/gbillig/c/03/ex00/ft_strcmp.c
> git cat-file -s ad590fd4ed271ea4c263f31368435f9dcc0d0a0d
> git show --textconv :ex01/ft_strncmp.c
> git ls-files --stage -- /home/gbillig/c/03/ex01/ft_strncmp.c
> git cat-file -s 3b7dcd79906abda35099b215115aacd818a74117
> git show --textconv :ex02/ft_strcat.c
> git ls-files --stage -- /home/gbillig/c/03/ex02/ft_strcat.c
> git cat-file -s a0424b3a378c63f5f08c7d397600ff63b2002cf1
> git show --textconv :ex03/ ft_strncat.c
> git ls-files --stage -- /home/gbillig/c/03/ex03/ ft_strncat.c
> git cat-file -s 667dbf6157b9880cfa0506dc23b460ba9b9629cf
> git show --textconv :ex04/ft_strstr.c
> git ls-files --stage -- /home/gbillig/c/03/ex04/ft_strstr.c
> git cat-file -s 746432c7fbab17926e40f7073361b5d8dfea5b24
> git show --textconv :ex05/ft_strlcat.c
> git ls-files --stage -- /home/gbillig/c/03/ex05/ft_strlcat.c
> git cat-file -s 5c9f92fb6fae1297bc14f46ba7d18556bf11e139
> git rev-parse --git-dir
Open repository: /home/gbillig/c/02
> git status -z -u
> git symbolic-ref --short HEAD
> git rev-parse master
> git rev-parse --symbolic-full-name master@{u}
> git rev-list --left-right master...refs/remotes/origin/master
> git for-each-ref --sort -committerdate --format %(refname) %(objectname)
> git remote --verbose
> git config --get commit.template
> git show --textconv :ex00/ft_strcpy.c
> git ls-files --stage -- /home/gbillig/c/02/ex00/ft_strcpy.c
> git cat-file -s 14aec2813e2bb33e09bca0869b31344b36fa384d
> git check-ignore -v -z --stdin
> git check-ignore -v -z --stdin
